<?xml version="1.0" encoding="UTF-8"?>
<!-- Generated by org.testng.reporters.JUnitXMLReporter -->
<testsuite ignored="2" hostname="DESKTOP-C3D4EMT" failures="0" tests="1" name="Default test" time="26.167" errors="0" timestamp="2024-08-10T15:34:00 IST">
  <testcase classname="com.comfast.crm.orgtest.CreateOrgnizationTest" name="createOrgnizationTest" time="12.205"/>
  <testcase classname="com.comfast.crm.orgtest.CreateOrgnizationTest" name="createOrgaanisationWithPhoneTest" time="0.0">
    <ignored/>
  </testcase> <!-- createOrgaanisationWithPhoneTest -->
  <testcase classname="com.comfast.crm.orgtest.CreateOrgnizationTest" name="createOrgaanisationWithIndustriesTest" time="0.0">
    <ignored/>
  </testcase> <!-- createOrgaanisationWithIndustriesTest -->
</testsuite> <!-- Default test -->
