<?xml version="1.0" encoding="UTF-8"?>
<!-- Generated by org.testng.reporters.JUnitXMLReporter -->
<testsuite ignored="2" hostname="DESKTOP-C3D4EMT" failures="0" tests="6" name="TestRunner-Chrome" time="85.451" errors="0" timestamp="2024-08-05T10:28:00 IST">
  <testcase classname="com.comfast.crm.contacttest.CreateContactTest" name="createContactTest" time="19.112"/>
  <testcase classname="com.comfast.crm.orgtest.CreateOrgnizationTest" name="createOrgaanisationWithIndustriesTest" time="19.424"/>
  <testcase classname="com.comfast.crm.orgtest.CreateOrgnizationTest" name="createOrgaanisationWithPhoneTest" time="16.135"/>
  <testcase classname="com.comfast.crm.contacttest.CreateContactTest" name="createContactWithOrgTest" time="30.992"/>
  <testcase classname="com.comfast.crm.orgtest.CreateOrgnizationTest" name="createOrgnizationTest" time="14.493"/>
  <testcase classname="com.comfast.crm.contacttest.CreateContactTest" name="createContactWithSupportDate" time="12.307"/>
  <testcase classname="com.comcast.com.baseTest.BaseClass" name="@AfterSuite configAS" time="0.0">
    <ignored/>
  </testcase> <!-- @AfterSuite configAS -->
  <testcase classname="com.comcast.com.baseTest.BaseClass" name="@BeforeSuite configBS" time="0.0">
    <ignored/>
  </testcase> <!-- @BeforeSuite configBS -->
</testsuite> <!-- TestRunner-Chrome -->
