<?xml version="1.0" encoding="UTF-8"?>
<!-- Generated by org.testng.reporters.JUnitXMLReporter -->
<testsuite ignored="2" hostname="DESKTOP-C3D4EMT" failures="0" tests="6" name="TestRunner-firefox" time="111.244" errors="0" timestamp="2024-08-05T10:26:35 IST">
  <testcase classname="com.comfast.crm.contacttest.CreateContactTest" name="createContactTest" time="25.621"/>
  <testcase classname="com.comfast.crm.orgtest.CreateOrgnizationTest" name="createOrgaanisationWithIndustriesTest" time="27.578"/>
  <testcase classname="com.comfast.crm.orgtest.CreateOrgnizationTest" name="createOrgaanisationWithPhoneTest" time="17.19"/>
  <testcase classname="com.comfast.crm.contacttest.CreateContactTest" name="createContactWithOrgTest" time="37.173"/>
  <testcase classname="com.comfast.crm.orgtest.CreateOrgnizationTest" name="createOrgnizationTest" time="17.048"/>
  <testcase classname="com.comfast.crm.contacttest.CreateContactTest" name="createContactWithSupportDate" time="12.388"/>
  <testcase classname="com.comcast.com.baseTest.BaseClass" name="@AfterSuite configAS" time="0.0">
    <ignored/>
  </testcase> <!-- @AfterSuite configAS -->
  <testcase classname="com.comcast.com.baseTest.BaseClass" name="@BeforeSuite configBS" time="0.0">
    <ignored/>
  </testcase> <!-- @BeforeSuite configBS -->
</testsuite> <!-- TestRunner-firefox -->
