<?xml version="1.0" encoding="UTF-8"?>
<!-- Generated by org.testng.reporters.JUnitXMLReporter -->
<testsuite ignored="0" hostname="DESKTOP-C3D4EMT" failures="1" tests="2" name="Test" time="20.343" errors="0" timestamp="2024-08-10T10:10:32 IST">
  <testcase classname="practice_listeners1.InvoiceTest" name="createInvoiceTest" time="0.112">
    <failure type="java.lang.AssertionError" message="expected [Login] but found [Administrator - Home - vtiger CRM 5 - Commercial Open Source CRM]">
      <![CDATA[java.lang.AssertionError: expected [Login] but found [Administrator - Home - vtiger CRM 5 - Commercial Open Source CRM]
at practice_listeners1.InvoiceTest.createInvoiceTest(InvoiceTest.java:14)
at java.base/java.util.ArrayList.forEach(ArrayList.java:1511)
... Removed 33 stack frames]]>
    </failure>
  </testcase> <!-- createInvoiceTest -->
  <testcase classname="practice_listeners1.InvoiceTest" name="createInvoiceWithContactTest" time="0.002"/>
</testsuite> <!-- Test -->
