<?xml version="1.0" encoding="UTF-8"?>
<testng-results ignored="2" total="3" passed="1" failed="0" skipped="0">
  <reporter-output>
  </reporter-output>
  <suite started-at="2024-08-10T15:33:34 IST" name="Default suite" finished-at="2024-08-10T15:34:00 IST" duration-ms="26167">
    <groups>
      <group name="smokeTest">
        <method signature="CreateOrgnizationTest.createOrgnizationTest()[pri:0, instance:com.comfast.crm.orgtest.CreateOrgnizationTest@771a660]" name="createOrgnizationTest" class="com.comfast.crm.orgtest.CreateOrgnizationTest"/>
      </group> <!-- smokeTest -->
    </groups>
    <test started-at="2024-08-10T15:33:34 IST" name="Default test" finished-at="2024-08-10T15:34:00 IST" duration-ms="26167">
      <class name="com.comfast.crm.orgtest.CreateOrgnizationTest">
        <test-method is-config="true" signature="configBS()[pri:0, instance:com.comfast.crm.orgtest.CreateOrgnizationTest@771a660]" started-at="2024-08-10T15:33:34 IST" name="configBS" finished-at="2024-08-10T15:33:34 IST" duration-ms="97" status="PASS">
          <reporter-output>
          </reporter-output>
        </test-method> <!-- configBS -->
        <test-method is-config="true" signature="configBC()[pri:0, instance:com.comfast.crm.orgtest.CreateOrgnizationTest@771a660]" started-at="2024-08-10T15:33:34 IST" name="configBC" finished-at="2024-08-10T15:33:41 IST" duration-ms="7002" status="PASS">
          <reporter-output>
          </reporter-output>
        </test-method> <!-- configBC -->
        <test-method is-config="true" signature="configBM()[pri:0, instance:com.comfast.crm.orgtest.CreateOrgnizationTest@771a660]" started-at="2024-08-10T15:33:41 IST" name="configBM" finished-at="2024-08-10T15:33:46 IST" duration-ms="4961" status="PASS">
          <reporter-output>
          </reporter-output>
        </test-method> <!-- configBM -->
        <test-method signature="createOrgnizationTest()[pri:0, instance:com.comfast.crm.orgtest.CreateOrgnizationTest@771a660]" started-at="2024-08-10T15:33:46 IST" name="createOrgnizationTest" finished-at="2024-08-10T15:33:58 IST" duration-ms="12205" status="PASS">
          <reporter-output>
          </reporter-output>
        </test-method> <!-- createOrgnizationTest -->
        <test-method is-config="true" signature="configAM()[pri:0, instance:com.comfast.crm.orgtest.CreateOrgnizationTest@771a660]" started-at="2024-08-10T15:33:58 IST" name="configAM" finished-at="2024-08-10T15:34:00 IST" duration-ms="1537" status="PASS">
          <reporter-output>
          </reporter-output>
        </test-method> <!-- configAM -->
        <test-method is-config="true" signature="configAC()[pri:0, instance:com.comfast.crm.orgtest.CreateOrgnizationTest@771a660]" started-at="2024-08-10T15:34:00 IST" name="configAC" finished-at="2024-08-10T15:34:00 IST" duration-ms="287" status="PASS">
          <reporter-output>
          </reporter-output>
        </test-method> <!-- configAC -->
        <test-method is-config="true" signature="configAS()[pri:0, instance:com.comfast.crm.orgtest.CreateOrgnizationTest@771a660]" started-at="2024-08-10T15:34:00 IST" name="configAS" finished-at="2024-08-10T15:34:00 IST" duration-ms="1" status="PASS">
          <reporter-output>
          </reporter-output>
        </test-method> <!-- configAS -->
      </class> <!-- com.comfast.crm.orgtest.CreateOrgnizationTest -->
    </test> <!-- Default test -->
  </suite> <!-- Default suite -->
</testng-results>
